<?xml version="1.0" encoding="UTF-8"?>
<!-- Generated by org.testng.reporters.JUnitXMLReporter -->
<testsuite hostname="Srikant-Pandey" name="Test" tests="3" failures="0" timestamp="12 Oct 2018 09:57:05 GMT" time="0.079" errors="0">
  <testcase name="@BeforeMethod EnvironmentSetup" time="0.0" classname="demo.maven.Tc1">
    <failure type="java.lang.NullPointerException">
      <![CDATA[java.lang.NullPointerException
	at demo.maven.Basic.EnvironmentSetup(Basic.java:13)
... Removed 26 stack frames]]>
    </failure>
  </testcase> <!-- @BeforeMethod EnvironmentSetup -->
  <testcase name="@AfterMethod TearDown" time="0.0" classname="demo.maven.Tc1">
    <skipped/>
  </testcase> <!-- @AfterMethod TearDown -->
  <testcase name="@BeforeMethod EnvironmentSetup" time="0.0" classname="demo.maven.Tc1">
    <skipped/>
  </testcase> <!-- @BeforeMethod EnvironmentSetup -->
  <testcase name="@AfterMethod TearDown" time="0.0" classname="demo.maven.Tc1">
    <skipped/>
  </testcase> <!-- @AfterMethod TearDown -->
  <testcase name="@BeforeMethod EnvironmentSetup" time="0.0" classname="demo.maven.Tc1">
    <skipped/>
  </testcase> <!-- @BeforeMethod EnvironmentSetup -->
  <testcase name="@AfterMethod TearDown" time="0.0" classname="demo.maven.Tc1">
    <skipped/>
  </testcase> <!-- @AfterMethod TearDown -->
  <testcase name="TestFlow1" time="0.002" classname="demo.maven.Tc1">
    <skipped/>
  </testcase> <!-- TestFlow1 -->
  <testcase name="TestFlow2" time="0.002" classname="demo.maven.Tc1">
    <skipped/>
  </testcase> <!-- TestFlow2 -->
  <testcase name="TestFlow3" time="0.002" classname="demo.maven.Tc1">
    <skipped/>
  </testcase> <!-- TestFlow3 -->
</testsuite> <!-- Test -->
