<?xml version="1.0" encoding="UTF-8"?>
<testng-results skipped="3" failed="0" total="3" passed="0">
  <reporter-output>
  </reporter-output>
  <suite name="Suite" duration-ms="79" started-at="2018-10-12T09:57:05Z" finished-at="2018-10-12T09:57:05Z">
    <groups>
    </groups>
    <test name="Test" duration-ms="79" started-at="2018-10-12T09:57:05Z" finished-at="2018-10-12T09:57:05Z">
      <class name="demo.maven.Tc1">
        <test-method status="FAIL" signature="EnvironmentSetup()[pri:0, instance:demo.maven.Tc1@3ffc5af1]" name="EnvironmentSetup" is-config="true" duration-ms="0" started-at="2018-10-12T15:27:05Z" finished-at="2018-10-12T15:27:05Z">
          <exception class="java.lang.NullPointerException">
            <full-stacktrace>
              <![CDATA[java.lang.NullPointerException
	at demo.maven.Basic.EnvironmentSetup(Basic.java:13)
	at sun.reflect.NativeMethodAccessorImpl.invoke0(Native Method)
	at sun.reflect.NativeMethodAccessorImpl.invoke(Unknown Source)
	at sun.reflect.DelegatingMethodAccessorImpl.invoke(Unknown Source)
	at java.lang.reflect.Method.invoke(Unknown Source)
	at org.testng.internal.MethodInvocationHelper.invokeMethod(MethodInvocationHelper.java:86)
	at org.testng.internal.Invoker.invokeConfigurationMethod(Invoker.java:514)
	at org.testng.internal.Invoker.invokeConfigurations(Invoker.java:215)
	at org.testng.internal.Invoker.invokeMethod(Invoker.java:589)
	at org.testng.internal.Invoker.invokeTestMethod(Invoker.java:820)
	at org.testng.internal.Invoker.invokeTestMethods(Invoker.java:1128)
	at org.testng.internal.TestMethodWorker.invokeTestMethods(TestMethodWorker.java:129)
	at org.testng.internal.TestMethodWorker.run(TestMethodWorker.java:112)
	at org.testng.TestRunner.privateRun(TestRunner.java:782)
	at org.testng.TestRunner.run(TestRunner.java:632)
	at org.testng.SuiteRunner.runTest(SuiteRunner.java:366)
	at org.testng.SuiteRunner.runSequentially(SuiteRunner.java:361)
	at org.testng.SuiteRunner.privateRun(SuiteRunner.java:319)
	at org.testng.SuiteRunner.run(SuiteRunner.java:268)
	at org.testng.SuiteRunnerWorker.runSuite(SuiteRunnerWorker.java:52)
	at org.testng.SuiteRunnerWorker.run(SuiteRunnerWorker.java:86)
	at org.testng.TestNG.runSuitesSequentially(TestNG.java:1244)
	at org.testng.TestNG.runSuitesLocally(TestNG.java:1169)
	at org.testng.TestNG.run(TestNG.java:1064)
	at org.testng.remote.AbstractRemoteTestNG.run(AbstractRemoteTestNG.java:114)
	at org.testng.remote.RemoteTestNG.initAndRun(RemoteTestNG.java:251)
	at org.testng.remote.RemoteTestNG.main(RemoteTestNG.java:77)
]]>
            </full-stacktrace>
          </exception> <!-- java.lang.NullPointerException -->
          <reporter-output>
          </reporter-output>
        </test-method> <!-- EnvironmentSetup -->
        <test-method status="SKIP" signature="TestFlow1()[pri:0, instance:demo.maven.Tc1@3ffc5af1]" name="TestFlow1" duration-ms="2" started-at="2018-10-12T15:27:05Z" finished-at="2018-10-12T15:27:05Z">
          <reporter-output>
          </reporter-output>
        </test-method> <!-- TestFlow1 -->
        <test-method status="SKIP" signature="TearDown()[pri:0, instance:demo.maven.Tc1@3ffc5af1]" name="TearDown" is-config="true" duration-ms="0" started-at="2018-10-12T15:27:05Z" finished-at="2018-10-12T15:27:05Z">
          <reporter-output>
          </reporter-output>
        </test-method> <!-- TearDown -->
        <test-method status="SKIP" signature="EnvironmentSetup()[pri:0, instance:demo.maven.Tc1@3ffc5af1]" name="EnvironmentSetup" is-config="true" duration-ms="0" started-at="2018-10-12T15:27:05Z" finished-at="2018-10-12T15:27:05Z">
          <reporter-output>
          </reporter-output>
        </test-method> <!-- EnvironmentSetup -->
        <test-method status="SKIP" signature="TestFlow2()[pri:0, instance:demo.maven.Tc1@3ffc5af1]" name="TestFlow2" duration-ms="2" started-at="2018-10-12T15:27:05Z" finished-at="2018-10-12T15:27:05Z">
          <reporter-output>
          </reporter-output>
        </test-method> <!-- TestFlow2 -->
        <test-method status="SKIP" signature="TearDown()[pri:0, instance:demo.maven.Tc1@3ffc5af1]" name="TearDown" is-config="true" duration-ms="0" started-at="2018-10-12T15:27:05Z" finished-at="2018-10-12T15:27:05Z">
          <reporter-output>
          </reporter-output>
        </test-method> <!-- TearDown -->
        <test-method status="SKIP" signature="EnvironmentSetup()[pri:0, instance:demo.maven.Tc1@3ffc5af1]" name="EnvironmentSetup" is-config="true" duration-ms="0" started-at="2018-10-12T15:27:05Z" finished-at="2018-10-12T15:27:05Z">
          <reporter-output>
          </reporter-output>
        </test-method> <!-- EnvironmentSetup -->
        <test-method status="SKIP" signature="TestFlow3()[pri:0, instance:demo.maven.Tc1@3ffc5af1]" name="TestFlow3" duration-ms="2" started-at="2018-10-12T15:27:05Z" finished-at="2018-10-12T15:27:05Z">
          <reporter-output>
          </reporter-output>
        </test-method> <!-- TestFlow3 -->
        <test-method status="SKIP" signature="TearDown()[pri:0, instance:demo.maven.Tc1@3ffc5af1]" name="TearDown" is-config="true" duration-ms="0" started-at="2018-10-12T15:27:05Z" finished-at="2018-10-12T15:27:05Z">
          <reporter-output>
          </reporter-output>
        </test-method> <!-- TearDown -->
      </class> <!-- demo.maven.Tc1 -->
    </test> <!-- Test -->
  </suite> <!-- Suite -->
</testng-results>
