<?xml version="1.0" encoding="UTF-8"?>
<testng-results skipped="0" failed="0" total="3" passed="3">
  <reporter-output>
  </reporter-output>
  <suite name="Suite" duration-ms="43" started-at="2018-10-15T06:22:39Z" finished-at="2018-10-15T06:22:39Z">
    <groups>
    </groups>
    <test name="Test" duration-ms="43" started-at="2018-10-15T06:22:39Z" finished-at="2018-10-15T06:22:39Z">
      <class name="Copy.Tc1">
        <test-method status="PASS" signature="EnvironmentSetup(java.lang.String)[pri:0, instance:Copy.Tc1@68c4039c]" name="EnvironmentSetup" is-config="true" duration-ms="6" started-at="2018-10-15T11:52:39Z" finished-at="2018-10-15T11:52:39Z">
          <params>
            <param index="0">
              <value>
                <![CDATA[Prod]]>
              </value>
            </param>
          </params>
          <reporter-output>
          </reporter-output>
        </test-method> <!-- EnvironmentSetup -->
        <test-method status="PASS" signature="TestFlow1()[pri:0, instance:Copy.Tc1@68c4039c]" name="TestFlow1" duration-ms="5" started-at="2018-10-15T11:52:39Z" finished-at="2018-10-15T11:52:39Z">
          <reporter-output>
          </reporter-output>
        </test-method> <!-- TestFlow1 -->
        <test-method status="PASS" signature="EnvironmentSetup(java.lang.String)[pri:0, instance:Copy.Tc1@68c4039c]" name="EnvironmentSetup" is-config="true" duration-ms="1" started-at="2018-10-15T11:52:39Z" finished-at="2018-10-15T11:52:39Z">
          <params>
            <param index="0">
              <value>
                <![CDATA[Prod]]>
              </value>
            </param>
          </params>
          <reporter-output>
          </reporter-output>
        </test-method> <!-- EnvironmentSetup -->
        <test-method status="PASS" signature="TearDown()[pri:0, instance:Copy.Tc1@68c4039c]" name="TearDown" is-config="true" duration-ms="0" started-at="2018-10-15T11:52:39Z" finished-at="2018-10-15T11:52:39Z">
          <reporter-output>
          </reporter-output>
        </test-method> <!-- TearDown -->
        <test-method status="PASS" signature="TestFlow2()[pri:0, instance:Copy.Tc1@68c4039c]" name="TestFlow2" duration-ms="1" started-at="2018-10-15T11:52:39Z" finished-at="2018-10-15T11:52:39Z">
          <reporter-output>
          </reporter-output>
        </test-method> <!-- TestFlow2 -->
        <test-method status="PASS" signature="TearDown()[pri:0, instance:Copy.Tc1@68c4039c]" name="TearDown" is-config="true" duration-ms="1" started-at="2018-10-15T11:52:39Z" finished-at="2018-10-15T11:52:39Z">
          <reporter-output>
          </reporter-output>
        </test-method> <!-- TearDown -->
        <test-method status="PASS" signature="TestFlow3()[pri:0, instance:Copy.Tc1@68c4039c]" name="TestFlow3" duration-ms="5" started-at="2018-10-15T11:52:39Z" finished-at="2018-10-15T11:52:39Z">
          <reporter-output>
          </reporter-output>
        </test-method> <!-- TestFlow3 -->
        <test-method status="PASS" signature="EnvironmentSetup(java.lang.String)[pri:0, instance:Copy.Tc1@68c4039c]" name="EnvironmentSetup" is-config="true" duration-ms="0" started-at="2018-10-15T11:52:39Z" finished-at="2018-10-15T11:52:39Z">
          <params>
            <param index="0">
              <value>
                <![CDATA[Prod]]>
              </value>
            </param>
          </params>
          <reporter-output>
          </reporter-output>
        </test-method> <!-- EnvironmentSetup -->
        <test-method status="PASS" signature="TearDown()[pri:0, instance:Copy.Tc1@68c4039c]" name="TearDown" is-config="true" duration-ms="1" started-at="2018-10-15T11:52:39Z" finished-at="2018-10-15T11:52:39Z">
          <reporter-output>
          </reporter-output>
        </test-method> <!-- TearDown -->
      </class> <!-- Copy.Tc1 -->
    </test> <!-- Test -->
  </suite> <!-- Suite -->
</testng-results>
